<?xml version="1.0" encoding="UTF-8"?>
<!-- Generated by org.testng.reporters.JUnitReportReporter -->
<testsuite hostname="LAPTOP-BIM2FR3V" failures="0" tests="1" name="Proj001.MavenLab.SwitchingWindows" time="29.617" errors="0" timestamp="2024-03-04T20:28:25 IST" skipped="0">
  <testcase classname="Proj001.MavenLab.SwitchingWindows" name="switchWin" time="29.617"/>
  <system-out/>
</testsuite> <!-- Proj001.MavenLab.SwitchingWindows -->
