<?xml version="1.0" encoding="UTF-8"?>
<!-- Generated by org.testng.reporters.JUnitReportReporter -->
<testsuite hostname="LAPTOP-BIM2FR3V" failures="0" tests="1" name="Proj001.MavenLab.MultOptions" time="37.350" errors="0" timestamp="2024-03-05T20:40:38 IST" skipped="0">
  <testcase classname="Proj001.MavenLab.MultOptions" name="multipOpts" time="37.350"/>
</testsuite> <!-- Proj001.MavenLab.MultOptions -->
